D:\Games\Frontend\backend\main.py:150: DeprecationWarning: 
        on_event is deprecated, use lifespan event handlers instead.

        Read more about it in the
        [FastAPI docs for Lifespan Events](https://fastapi.tiangolo.com/advanced/events/).
        
  @app.on_event("startup")
INFO:     Started server process [10068]
INFO:     Waiting for application startup.
C:\Python314\Lib\pickle.py:1835: UserWarning: [19:19:02] WARNING: C:\actions-runner\_work\xgboost\xgboost\src\gbm\../common/error_msg.h:83: If you are loading a serialized model (like pickle in Python, RDS in R) or
configuration generated by an older version of XGBoost, please export the model by calling
`Booster.save_model` from that version first, then load it back in current version. See:

    https://xgboost.readthedocs.io/en/stable/tutorials/saving_model.html

for more details about differences between saving model and serializing.

  setstate(state)
D:\Games\Frontend\.venv\Lib\site-packages\sklearn\base.py:463: InconsistentVersionWarning: Trying to unpickle estimator LabelEncoder from version 1.6.1 when using version 1.8.0. This might lead to breaking code or invalid results. Use at your own risk. For more info please refer to:
https://scikit-learn.org/stable/model_persistence.html#security-maintainability-limitations
  warnings.warn(
D:\Games\Frontend\.venv\Lib\site-packages\sklearn\base.py:463: InconsistentVersionWarning: Trying to unpickle estimator StandardScaler from version 1.6.1 when using version 1.8.0. This might lead to breaking code or invalid results. Use at your own risk. For more info please refer to:
https://scikit-learn.org/stable/model_persistence.html#security-maintainability-limitations
  warnings.warn(
D:\Games\Frontend\.venv\Lib\site-packages\sklearn\base.py:463: InconsistentVersionWarning: Trying to unpickle estimator LogisticRegression from version 1.6.1 when using version 1.8.0. This might lead to breaking code or invalid results. Use at your own risk. For more info please refer to:
https://scikit-learn.org/stable/model_persistence.html#security-maintainability-limitations
  warnings.warn(
INFO:kafka-ingestion:Hybrid ML/DL Risk Models loaded successfully
INFO:     Application startup complete.
INFO:     Uvicorn running on http://0.0.0.0:8000 (Press CTRL+C to quit)
Warning: CatBoost is not installed. Skipping CatBoost model loading.
INFO:     127.0.0.1:56543 - "GET /api/streams/status HTTP/1.1" 200 OK
INFO:     127.0.0.1:63670 - "GET /api/streams/status HTTP/1.1" 200 OK
INFO:     127.0.0.1:51887 - "GET /api/streams/status HTTP/1.1" 200 OK
INFO:     127.0.0.1:52596 - "POST /api/predict HTTP/1.1" 422 Unprocessable Content
INFO:     127.0.0.1:52598 - "GET /api/model/metrics HTTP/1.1" 500 Internal Server Error
ERROR:    Exception in ASGI application
Traceback (most recent call last):
  File "D:\Games\Frontend\.venv\Lib\site-packages\uvicorn\protocols\http\h11_impl.py", line 410, in run_asgi
    result = await app(  # type: ignore[func-returns-value]
             ^^^^^^^^^^^^^^^^^^^^^^^^^^^^^^^^^^^^^^^^^^^^^^
        self.scope, self.receive, self.send
        ^^^^^^^^^^^^^^^^^^^^^^^^^^^^^^^^^^^
    )
    ^
  File "D:\Games\Frontend\.venv\Lib\site-packages\uvicorn\middleware\proxy_headers.py", line 60, in __call__
    return await self.app(scope, receive, send)
           ^^^^^^^^^^^^^^^^^^^^^^^^^^^^^^^^^^^^
  File "D:\Games\Frontend\.venv\Lib\site-packages\fastapi\applications.py", line 1134, in __call__
    await super().__call__(scope, receive, send)
  File "D:\Games\Frontend\.venv\Lib\site-packages\starlette\applications.py", line 107, in __call__
    await self.middleware_stack(scope, receive, send)
  File "D:\Games\Frontend\.venv\Lib\site-packages\starlette\middleware\errors.py", line 186, in __call__
    raise exc
  File "D:\Games\Frontend\.venv\Lib\site-packages\starlette\middleware\errors.py", line 164, in __call__
    await self.app(scope, receive, _send)
  File "D:\Games\Frontend\.venv\Lib\site-packages\starlette\middleware\cors.py", line 87, in __call__
    await self.app(scope, receive, send)
  File "D:\Games\Frontend\.venv\Lib\site-packages\starlette\middleware\exceptions.py", line 63, in __call__
    await wrap_app_handling_exceptions(self.app, conn)(scope, receive, send)
  File "D:\Games\Frontend\.venv\Lib\site-packages\starlette\_exception_handler.py", line 53, in wrapped_app
    raise exc
  File "D:\Games\Frontend\.venv\Lib\site-packages\starlette\_exception_handler.py", line 42, in wrapped_app
    await app(scope, receive, sender)
  File "D:\Games\Frontend\.venv\Lib\site-packages\fastapi\middleware\asyncexitstack.py", line 18, in __call__
    await self.app(scope, receive, send)
  File "D:\Games\Frontend\.venv\Lib\site-packages\starlette\routing.py", line 716, in __call__
    await self.middleware_stack(scope, receive, send)
  File "D:\Games\Frontend\.venv\Lib\site-packages\starlette\routing.py", line 736, in app
    await route.handle(scope, receive, send)
  File "D:\Games\Frontend\.venv\Lib\site-packages\starlette\routing.py", line 290, in handle
    await self.app(scope, receive, send)
  File "D:\Games\Frontend\.venv\Lib\site-packages\fastapi\routing.py", line 119, in app
    await wrap_app_handling_exceptions(app, request)(scope, receive, send)
  File "D:\Games\Frontend\.venv\Lib\site-packages\starlette\_exception_handler.py", line 53, in wrapped_app
    raise exc
  File "D:\Games\Frontend\.venv\Lib\site-packages\starlette\_exception_handler.py", line 42, in wrapped_app
    await app(scope, receive, sender)
  File "D:\Games\Frontend\.venv\Lib\site-packages\fastapi\routing.py", line 105, in app
    response = await f(request)
               ^^^^^^^^^^^^^^^^
  File "D:\Games\Frontend\.venv\Lib\site-packages\fastapi\routing.py", line 424, in app
    raw_response = await run_endpoint_function(
                   ^^^^^^^^^^^^^^^^^^^^^^^^^^^^
    ...<3 lines>...
    )
    ^
  File "D:\Games\Frontend\.venv\Lib\site-packages\fastapi\routing.py", line 314, in run_endpoint_function
    return await run_in_threadpool(dependant.call, **values)
           ^^^^^^^^^^^^^^^^^^^^^^^^^^^^^^^^^^^^^^^^^^^^^^^^^
  File "D:\Games\Frontend\.venv\Lib\site-packages\starlette\concurrency.py", line 32, in run_in_threadpool
    return await anyio.to_thread.run_sync(func)
           ^^^^^^^^^^^^^^^^^^^^^^^^^^^^^^^^^^^^
  File "D:\Games\Frontend\.venv\Lib\site-packages\anyio\to_thread.py", line 63, in run_sync
    return await get_async_backend().run_sync_in_worker_thread(
           ^^^^^^^^^^^^^^^^^^^^^^^^^^^^^^^^^^^^^^^^^^^^^^^^^^^^
        func, args, abandon_on_cancel=abandon_on_cancel, limiter=limiter
        ^^^^^^^^^^^^^^^^^^^^^^^^^^^^^^^^^^^^^^^^^^^^^^^^^^^^^^^^^^^^^^^^
    )
    ^
  File "D:\Games\Frontend\.venv\Lib\site-packages\anyio\_backends\_asyncio.py", line 2502, in run_sync_in_worker_thread
    return await future
           ^^^^^^^^^^^^
  File "D:\Games\Frontend\.venv\Lib\site-packages\anyio\_backends\_asyncio.py", line 986, in run
    result = context.run(func, *args)
  File "D:\Games\Frontend\backend\main.py", line 188, in get_model_metrics
    return json.load(f)
           ^^^^
NameError: name 'json' is not defined. Did you forget to import 'json'?
INFO:     127.0.0.1:52593 - "GET /api/streams/status HTTP/1.1" 200 OK
